2021-12-12 15:26:27.704  INFO 7634 --- [restartedMain] com.xiaxinyu.myblog.MyblogApplication    : Starting MyblogApplication using Java 1.8.0_312 on xiaxinyudeMBP with PID 7634 (/Users/xiaxinyu/Desktop/MyBlog/target/classes started by xiaxinyu in /Users/xiaxinyu/Desktop/MyBlog)
2021-12-12 15:26:27.705  INFO 7634 --- [restartedMain] com.xiaxinyu.myblog.MyblogApplication    : The following profiles are active: pro
2021-12-12 15:26:28.741  WARN 7634 --- [restartedMain] ConfigServletWebServerApplicationContext : Exception encountered during context initialization - cancelling refresh attempt: org.springframework.context.ApplicationContextException: Unable to start web server; nested exception is org.springframework.beans.factory.BeanCreationException: Error creating bean with name 'tomcatServletWebServerFactory' defined in class path resource [org/springframework/boot/autoconfigure/web/servlet/ServletWebServerFactoryConfiguration$EmbeddedTomcat.class]: Initialization of bean failed; nested exception is org.springframework.beans.factory.UnsatisfiedDependencyException: Error creating bean with name 'servletWebServerFactoryCustomizer' defined in class path resource [org/springframework/boot/autoconfigure/web/servlet/ServletWebServerFactoryAutoConfiguration.class]: Unsatisfied dependency expressed through method 'servletWebServerFactoryCustomizer' parameter 0; nested exception is org.springframework.boot.context.properties.ConfigurationPropertiesBindException: Error creating bean with name 'server-org.springframework.boot.autoconfigure.web.ServerProperties': Could not bind properties to 'ServerProperties' : prefix=server, ignoreInvalidFields=false, ignoreUnknownFields=true; nested exception is org.springframework.boot.context.properties.bind.BindException: Failed to bind properties under 'server.address' to java.net.InetAddress
2021-12-12 15:26:28.774 ERROR 7634 --- [restartedMain] o.s.b.d.LoggingFailureAnalysisReporter   : 

***************************
APPLICATION FAILED TO START
***************************

Description:

Failed to bind properties under 'server.address' to java.net.InetAddress:

    Property: server.address
    Value: 8081
    Origin: class path resource [application-pro.yml] - 24:12
    Reason: org.springframework.core.convert.ConverterNotFoundException: No converter found capable of converting from type [java.lang.Integer] to type [java.net.InetAddress]

Action:

Update your application's configuration

2021-12-12 15:26:53.871  INFO 7639 --- [restartedMain] com.xiaxinyu.myblog.MyblogApplication    : Starting MyblogApplication using Java 1.8.0_312 on xiaxinyudeMBP with PID 7639 (/Users/xiaxinyu/Desktop/MyBlog/target/classes started by xiaxinyu in /Users/xiaxinyu/Desktop/MyBlog)
2021-12-12 15:26:53.872  INFO 7639 --- [restartedMain] com.xiaxinyu.myblog.MyblogApplication    : The following profiles are active: pro
2021-12-12 15:26:55.403  WARN 7639 --- [restartedMain] com.zaxxer.hikari.util.DriverDataSource  : Registered driver with driverClassName=com.mysql.jdbc.Driver was not found, trying direct instantiation.
2021-12-12 15:26:55.787  WARN 7639 --- [restartedMain] JpaBaseConfiguration$JpaWebConfiguration : spring.jpa.open-in-view is enabled by default. Therefore, database queries may be performed during view rendering. Explicitly configure spring.jpa.open-in-view to disable this warning
2021-12-12 15:26:56.130  INFO 7639 --- [restartedMain] com.xiaxinyu.myblog.MyblogApplication    : Started MyblogApplication in 2.597 seconds (JVM running for 3.156)
2021-12-12 15:27:21.965  INFO 7647 --- [restartedMain] com.xiaxinyu.myblog.MyblogApplication    : Starting MyblogApplication using Java 1.8.0_312 on xiaxinyudeMBP with PID 7647 (/Users/xiaxinyu/Desktop/MyBlog/target/classes started by xiaxinyu in /Users/xiaxinyu/Desktop/MyBlog)
2021-12-12 15:27:21.966  INFO 7647 --- [restartedMain] com.xiaxinyu.myblog.MyblogApplication    : The following profiles are active: pro
2021-12-12 15:27:22.937  WARN 7647 --- [restartedMain] ConfigServletWebServerApplicationContext : Exception encountered during context initialization - cancelling refresh attempt: org.springframework.context.ApplicationContextException: Unable to start web server; nested exception is org.springframework.beans.factory.BeanCreationException: Error creating bean with name 'tomcatServletWebServerFactory' defined in class path resource [org/springframework/boot/autoconfigure/web/servlet/ServletWebServerFactoryConfiguration$EmbeddedTomcat.class]: Initialization of bean failed; nested exception is org.springframework.beans.factory.UnsatisfiedDependencyException: Error creating bean with name 'servletWebServerFactoryCustomizer' defined in class path resource [org/springframework/boot/autoconfigure/web/servlet/ServletWebServerFactoryAutoConfiguration.class]: Unsatisfied dependency expressed through method 'servletWebServerFactoryCustomizer' parameter 0; nested exception is org.springframework.boot.context.properties.ConfigurationPropertiesBindException: Error creating bean with name 'server-org.springframework.boot.autoconfigure.web.ServerProperties': Could not bind properties to 'ServerProperties' : prefix=server, ignoreInvalidFields=false, ignoreUnknownFields=true; nested exception is org.springframework.boot.context.properties.bind.BindException: Failed to bind properties under 'server.address' to java.net.InetAddress
2021-12-12 15:27:22.965 ERROR 7647 --- [restartedMain] o.s.b.d.LoggingFailureAnalysisReporter   : 

***************************
APPLICATION FAILED TO START
***************************

Description:

Failed to bind properties under 'server.address' to java.net.InetAddress:

    Property: server.address
    Value: 8081
    Origin: class path resource [application-pro.yml] - 24:12
    Reason: org.springframework.core.convert.ConverterNotFoundException: No converter found capable of converting from type [java.lang.Integer] to type [java.net.InetAddress]

Action:

Update your application's configuration

2021-12-12 15:28:10.643  INFO 7655 --- [restartedMain] com.xiaxinyu.myblog.MyBlogApplication    : Starting MyBlogApplication using Java 1.8.0_312 on xiaxinyudeMBP with PID 7655 (/Users/xiaxinyu/Desktop/MyBlog/target/classes started by xiaxinyu in /Users/xiaxinyu/Desktop/MyBlog)
2021-12-12 15:28:10.643  INFO 7655 --- [restartedMain] com.xiaxinyu.myblog.MyBlogApplication    : The following profiles are active: pro
2021-12-12 15:28:11.649  WARN 7655 --- [restartedMain] ConfigServletWebServerApplicationContext : Exception encountered during context initialization - cancelling refresh attempt: org.springframework.context.ApplicationContextException: Unable to start web server; nested exception is org.springframework.beans.factory.BeanCreationException: Error creating bean with name 'tomcatServletWebServerFactory' defined in class path resource [org/springframework/boot/autoconfigure/web/servlet/ServletWebServerFactoryConfiguration$EmbeddedTomcat.class]: Initialization of bean failed; nested exception is org.springframework.beans.factory.UnsatisfiedDependencyException: Error creating bean with name 'servletWebServerFactoryCustomizer' defined in class path resource [org/springframework/boot/autoconfigure/web/servlet/ServletWebServerFactoryAutoConfiguration.class]: Unsatisfied dependency expressed through method 'servletWebServerFactoryCustomizer' parameter 0; nested exception is org.springframework.boot.context.properties.ConfigurationPropertiesBindException: Error creating bean with name 'server-org.springframework.boot.autoconfigure.web.ServerProperties': Could not bind properties to 'ServerProperties' : prefix=server, ignoreInvalidFields=false, ignoreUnknownFields=true; nested exception is org.springframework.boot.context.properties.bind.BindException: Failed to bind properties under 'server.address' to java.net.InetAddress
2021-12-12 15:28:11.673 ERROR 7655 --- [restartedMain] o.s.b.d.LoggingFailureAnalysisReporter   : 

***************************
APPLICATION FAILED TO START
***************************

Description:

Failed to bind properties under 'server.address' to java.net.InetAddress:

    Property: server.address
    Value: 8081
    Origin: class path resource [application-pro.yml] - 24:12
    Reason: org.springframework.core.convert.ConverterNotFoundException: No converter found capable of converting from type [java.lang.Integer] to type [java.net.InetAddress]

Action:

Update your application's configuration

2021-12-12 15:28:40.966  INFO 7660 --- [restartedMain] com.xiaxinyu.myblog.MyBlogApplication    : Starting MyBlogApplication using Java 1.8.0_312 on xiaxinyudeMBP with PID 7660 (/Users/xiaxinyu/Desktop/MyBlog/target/classes started by xiaxinyu in /Users/xiaxinyu/Desktop/MyBlog)
2021-12-12 15:28:40.967  INFO 7660 --- [restartedMain] com.xiaxinyu.myblog.MyBlogApplication    : The following profiles are active: pro
2021-12-12 15:28:42.629  WARN 7660 --- [restartedMain] com.zaxxer.hikari.util.DriverDataSource  : Registered driver with driverClassName=com.mysql.jdbc.Driver was not found, trying direct instantiation.
2021-12-12 15:28:43.100  WARN 7660 --- [restartedMain] JpaBaseConfiguration$JpaWebConfiguration : spring.jpa.open-in-view is enabled by default. Therefore, database queries may be performed during view rendering. Explicitly configure spring.jpa.open-in-view to disable this warning
2021-12-12 15:28:43.417  INFO 7660 --- [restartedMain] com.xiaxinyu.myblog.MyBlogApplication    : Started MyBlogApplication in 2.851 seconds (JVM running for 3.766)
2021-12-12 15:29:14.456  INFO 7672 --- [restartedMain] com.xiaxinyu.myblog.MyBlogApplication    : Starting MyBlogApplication using Java 1.8.0_312 on xiaxinyudeMBP with PID 7672 (/Users/xiaxinyu/Desktop/MyBlog/target/classes started by xiaxinyu in /Users/xiaxinyu/Desktop/MyBlog)
2021-12-12 15:29:14.457  INFO 7672 --- [restartedMain] com.xiaxinyu.myblog.MyBlogApplication    : The following profiles are active: pro
2021-12-12 15:29:15.288  WARN 7672 --- [restartedMain] ConfigServletWebServerApplicationContext : Exception encountered during context initialization - cancelling refresh attempt: org.springframework.context.ApplicationContextException: Unable to start web server; nested exception is org.springframework.beans.factory.BeanCreationException: Error creating bean with name 'tomcatServletWebServerFactory' defined in class path resource [org/springframework/boot/autoconfigure/web/servlet/ServletWebServerFactoryConfiguration$EmbeddedTomcat.class]: Initialization of bean failed; nested exception is org.springframework.beans.factory.UnsatisfiedDependencyException: Error creating bean with name 'servletWebServerFactoryCustomizer' defined in class path resource [org/springframework/boot/autoconfigure/web/servlet/ServletWebServerFactoryAutoConfiguration.class]: Unsatisfied dependency expressed through method 'servletWebServerFactoryCustomizer' parameter 0; nested exception is org.springframework.boot.context.properties.ConfigurationPropertiesBindException: Error creating bean with name 'server-org.springframework.boot.autoconfigure.web.ServerProperties': Could not bind properties to 'ServerProperties' : prefix=server, ignoreInvalidFields=false, ignoreUnknownFields=true; nested exception is org.springframework.boot.context.properties.bind.BindException: Failed to bind properties under 'server.address' to java.net.InetAddress
2021-12-12 15:29:15.311 ERROR 7672 --- [restartedMain] o.s.b.d.LoggingFailureAnalysisReporter   : 

***************************
APPLICATION FAILED TO START
***************************

Description:

Failed to bind properties under 'server.address' to java.net.InetAddress:

    Property: server.address
    Value: 8081
    Origin: class path resource [application-pro.yml] - 24:12
    Reason: org.springframework.core.convert.ConverterNotFoundException: No converter found capable of converting from type [java.lang.Integer] to type [java.net.InetAddress]

Action:

Update your application's configuration

2021-12-12 15:30:13.297  INFO 7691 --- [restartedMain] com.xiaxinyu.myblog.MyBlogApplication    : Starting MyBlogApplication using Java 1.8.0_312 on xiaxinyudeMBP with PID 7691 (/Users/xiaxinyu/Desktop/MyBlog/target/classes started by xiaxinyu in /Users/xiaxinyu/Desktop/MyBlog)
2021-12-12 15:30:13.298  INFO 7691 --- [restartedMain] com.xiaxinyu.myblog.MyBlogApplication    : The following profiles are active: pro
2021-12-12 15:30:14.591  WARN 7691 --- [restartedMain] ConfigServletWebServerApplicationContext : Exception encountered during context initialization - cancelling refresh attempt: org.springframework.context.ApplicationContextException: Unable to start web server; nested exception is org.springframework.beans.factory.BeanCreationException: Error creating bean with name 'tomcatServletWebServerFactory' defined in class path resource [org/springframework/boot/autoconfigure/web/servlet/ServletWebServerFactoryConfiguration$EmbeddedTomcat.class]: Initialization of bean failed; nested exception is org.springframework.beans.factory.UnsatisfiedDependencyException: Error creating bean with name 'servletWebServerFactoryCustomizer' defined in class path resource [org/springframework/boot/autoconfigure/web/servlet/ServletWebServerFactoryAutoConfiguration.class]: Unsatisfied dependency expressed through method 'servletWebServerFactoryCustomizer' parameter 0; nested exception is org.springframework.boot.context.properties.ConfigurationPropertiesBindException: Error creating bean with name 'server-org.springframework.boot.autoconfigure.web.ServerProperties': Could not bind properties to 'ServerProperties' : prefix=server, ignoreInvalidFields=false, ignoreUnknownFields=true; nested exception is org.springframework.boot.context.properties.bind.BindException: Failed to bind properties under 'server.address' to java.net.InetAddress
2021-12-12 15:30:14.641 ERROR 7691 --- [restartedMain] o.s.b.d.LoggingFailureAnalysisReporter   : 

***************************
APPLICATION FAILED TO START
***************************

Description:

Failed to bind properties under 'server.address' to java.net.InetAddress:

    Property: server.address
    Value: 127.0.0.1:8081
    Origin: class path resource [application-pro.yml] - 24:12
    Reason: failed to convert java.lang.String to java.net.InetAddress (caused by java.net.UnknownHostException: 127.0.0.1:8081: invalid IPv6 address)

Action:

Update your application's configuration

2021-12-12 15:32:37.291  INFO 7784 --- [restartedMain] com.xiaxinyu.myblog.MyBlogApplication    : Starting MyBlogApplication using Java 1.8.0_312 on xiaxinyudeMBP with PID 7784 (/Users/xiaxinyu/Desktop/MyBlog/target/classes started by xiaxinyu in /Users/xiaxinyu/Desktop/MyBlog)
2021-12-12 15:32:37.292  INFO 7784 --- [restartedMain] com.xiaxinyu.myblog.MyBlogApplication    : The following profiles are active: pro
2021-12-12 15:32:38.454  WARN 7784 --- [restartedMain] ConfigServletWebServerApplicationContext : Exception encountered during context initialization - cancelling refresh attempt: org.springframework.context.ApplicationContextException: Unable to start web server; nested exception is org.springframework.beans.factory.BeanCreationException: Error creating bean with name 'tomcatServletWebServerFactory' defined in class path resource [org/springframework/boot/autoconfigure/web/servlet/ServletWebServerFactoryConfiguration$EmbeddedTomcat.class]: Initialization of bean failed; nested exception is org.springframework.beans.factory.UnsatisfiedDependencyException: Error creating bean with name 'servletWebServerFactoryCustomizer' defined in class path resource [org/springframework/boot/autoconfigure/web/servlet/ServletWebServerFactoryAutoConfiguration.class]: Unsatisfied dependency expressed through method 'servletWebServerFactoryCustomizer' parameter 0; nested exception is org.springframework.boot.context.properties.ConfigurationPropertiesBindException: Error creating bean with name 'server-org.springframework.boot.autoconfigure.web.ServerProperties': Could not bind properties to 'ServerProperties' : prefix=server, ignoreInvalidFields=false, ignoreUnknownFields=true; nested exception is org.springframework.boot.context.properties.bind.BindException: Failed to bind properties under 'server.address' to java.net.InetAddress
2021-12-12 15:32:38.479 ERROR 7784 --- [restartedMain] o.s.b.d.LoggingFailureAnalysisReporter   : 

***************************
APPLICATION FAILED TO START
***************************

Description:

Failed to bind properties under 'server.address' to java.net.InetAddress:

    Property: server.address
    Value: 127.0.0.1:8080
    Origin: class path resource [application-pro.yml] - 24:12
    Reason: failed to convert java.lang.String to java.net.InetAddress (caused by java.net.UnknownHostException: 127.0.0.1:8080: invalid IPv6 address)

Action:

Update your application's configuration

2021-12-12 15:32:45.515  INFO 7787 --- [restartedMain] com.xiaxinyu.myblog.MyBlogApplication    : Starting MyBlogApplication using Java 1.8.0_312 on xiaxinyudeMBP with PID 7787 (/Users/xiaxinyu/Desktop/MyBlog/target/classes started by xiaxinyu in /Users/xiaxinyu/Desktop/MyBlog)
2021-12-12 15:32:45.516  INFO 7787 --- [restartedMain] com.xiaxinyu.myblog.MyBlogApplication    : The following profiles are active: pro
2021-12-12 15:32:46.436  WARN 7787 --- [restartedMain] ConfigServletWebServerApplicationContext : Exception encountered during context initialization - cancelling refresh attempt: org.springframework.context.ApplicationContextException: Unable to start web server; nested exception is org.springframework.beans.factory.BeanCreationException: Error creating bean with name 'tomcatServletWebServerFactory' defined in class path resource [org/springframework/boot/autoconfigure/web/servlet/ServletWebServerFactoryConfiguration$EmbeddedTomcat.class]: Initialization of bean failed; nested exception is org.springframework.beans.factory.UnsatisfiedDependencyException: Error creating bean with name 'servletWebServerFactoryCustomizer' defined in class path resource [org/springframework/boot/autoconfigure/web/servlet/ServletWebServerFactoryAutoConfiguration.class]: Unsatisfied dependency expressed through method 'servletWebServerFactoryCustomizer' parameter 0; nested exception is org.springframework.boot.context.properties.ConfigurationPropertiesBindException: Error creating bean with name 'server-org.springframework.boot.autoconfigure.web.ServerProperties': Could not bind properties to 'ServerProperties' : prefix=server, ignoreInvalidFields=false, ignoreUnknownFields=true; nested exception is org.springframework.boot.context.properties.bind.BindException: Failed to bind properties under 'server.address' to java.net.InetAddress
2021-12-12 15:32:46.461 ERROR 7787 --- [restartedMain] o.s.b.d.LoggingFailureAnalysisReporter   : 

***************************
APPLICATION FAILED TO START
***************************

Description:

Failed to bind properties under 'server.address' to java.net.InetAddress:

    Property: server.address
    Value: 8080
    Origin: class path resource [application-pro.yml] - 24:12
    Reason: org.springframework.core.convert.ConverterNotFoundException: No converter found capable of converting from type [java.lang.Integer] to type [java.net.InetAddress]

Action:

Update your application's configuration

2021-12-12 15:33:12.262  INFO 7791 --- [restartedMain] com.xiaxinyu.myblog.MyBlogApplication    : Starting MyBlogApplication using Java 1.8.0_312 on xiaxinyudeMBP with PID 7791 (/Users/xiaxinyu/Desktop/MyBlog/target/classes started by xiaxinyu in /Users/xiaxinyu/Desktop/MyBlog)
2021-12-12 15:33:12.263  INFO 7791 --- [restartedMain] com.xiaxinyu.myblog.MyBlogApplication    : The following profiles are active: pro
2021-12-12 15:33:13.935  WARN 7791 --- [restartedMain] com.zaxxer.hikari.util.DriverDataSource  : Registered driver with driverClassName=com.mysql.jdbc.Driver was not found, trying direct instantiation.
2021-12-12 15:33:14.375  WARN 7791 --- [restartedMain] JpaBaseConfiguration$JpaWebConfiguration : spring.jpa.open-in-view is enabled by default. Therefore, database queries may be performed during view rendering. Explicitly configure spring.jpa.open-in-view to disable this warning
2021-12-12 15:33:14.673  WARN 7791 --- [restartedMain] ConfigServletWebServerApplicationContext : Exception encountered during context initialization - cancelling refresh attempt: org.springframework.context.ApplicationContextException: Failed to start bean 'webServerStartStop'; nested exception is org.springframework.boot.web.server.WebServerException: Unable to start embedded Tomcat server
2021-12-12 15:33:14.714 ERROR 7791 --- [restartedMain] o.s.boot.SpringApplication               : Application run failed

org.springframework.context.ApplicationContextException: Failed to start bean 'webServerStartStop'; nested exception is org.springframework.boot.web.server.WebServerException: Unable to start embedded Tomcat server
	at org.springframework.context.support.DefaultLifecycleProcessor.doStart(DefaultLifecycleProcessor.java:181) ~[spring-context-5.3.13.jar:5.3.13]
	at org.springframework.context.support.DefaultLifecycleProcessor.access$200(DefaultLifecycleProcessor.java:54) ~[spring-context-5.3.13.jar:5.3.13]
	at org.springframework.context.support.DefaultLifecycleProcessor$LifecycleGroup.start(DefaultLifecycleProcessor.java:356) ~[spring-context-5.3.13.jar:5.3.13]
	at java.lang.Iterable.forEach(Iterable.java:75) ~[na:1.8.0_312]
	at org.springframework.context.support.DefaultLifecycleProcessor.startBeans(DefaultLifecycleProcessor.java:155) ~[spring-context-5.3.13.jar:5.3.13]
	at org.springframework.context.support.DefaultLifecycleProcessor.onRefresh(DefaultLifecycleProcessor.java:123) ~[spring-context-5.3.13.jar:5.3.13]
	at org.springframework.context.support.AbstractApplicationContext.finishRefresh(AbstractApplicationContext.java:935) ~[spring-context-5.3.13.jar:5.3.13]
	at org.springframework.context.support.AbstractApplicationContext.refresh(AbstractApplicationContext.java:586) ~[spring-context-5.3.13.jar:5.3.13]
	at org.springframework.boot.web.servlet.context.ServletWebServerApplicationContext.refresh(ServletWebServerApplicationContext.java:145) ~[spring-boot-2.6.1.jar:2.6.1]
	at org.springframework.boot.SpringApplication.refresh(SpringApplication.java:730) [spring-boot-2.6.1.jar:2.6.1]
	at org.springframework.boot.SpringApplication.refreshContext(SpringApplication.java:412) [spring-boot-2.6.1.jar:2.6.1]
	at org.springframework.boot.SpringApplication.run(SpringApplication.java:302) [spring-boot-2.6.1.jar:2.6.1]
	at org.springframework.boot.SpringApplication.run(SpringApplication.java:1301) [spring-boot-2.6.1.jar:2.6.1]
	at org.springframework.boot.SpringApplication.run(SpringApplication.java:1290) [spring-boot-2.6.1.jar:2.6.1]
	at com.xiaxinyu.myblog.MyBlogApplication.main(MyBlogApplication.java:10) [classes/:na]
	at sun.reflect.NativeMethodAccessorImpl.invoke0(Native Method) ~[na:1.8.0_312]
	at sun.reflect.NativeMethodAccessorImpl.invoke(NativeMethodAccessorImpl.java:62) ~[na:1.8.0_312]
	at sun.reflect.DelegatingMethodAccessorImpl.invoke(DelegatingMethodAccessorImpl.java:43) ~[na:1.8.0_312]
	at java.lang.reflect.Method.invoke(Method.java:498) ~[na:1.8.0_312]
	at org.springframework.boot.devtools.restart.RestartLauncher.run(RestartLauncher.java:49) [spring-boot-devtools-2.6.1.jar:2.6.1]
Caused by: org.springframework.boot.web.server.WebServerException: Unable to start embedded Tomcat server
	at org.springframework.boot.web.embedded.tomcat.TomcatWebServer.start(TomcatWebServer.java:229) ~[spring-boot-2.6.1.jar:2.6.1]
	at org.springframework.boot.web.servlet.context.WebServerStartStopLifecycle.start(WebServerStartStopLifecycle.java:43) ~[spring-boot-2.6.1.jar:2.6.1]
	at org.springframework.context.support.DefaultLifecycleProcessor.doStart(DefaultLifecycleProcessor.java:178) ~[spring-context-5.3.13.jar:5.3.13]
	... 19 common frames omitted
Caused by: java.lang.IllegalArgumentException: standardService.connector.startFailed
	at org.apache.catalina.core.StandardService.addConnector(StandardService.java:238) ~[tomcat-embed-core-9.0.55.jar:9.0.55]
	at org.springframework.boot.web.embedded.tomcat.TomcatWebServer.addPreviouslyRemovedConnectors(TomcatWebServer.java:282) ~[spring-boot-2.6.1.jar:2.6.1]
	at org.springframework.boot.web.embedded.tomcat.TomcatWebServer.start(TomcatWebServer.java:213) ~[spring-boot-2.6.1.jar:2.6.1]
	... 21 common frames omitted
Caused by: org.apache.catalina.LifecycleException: Protocol handler start failed
	at org.apache.catalina.connector.Connector.startInternal(Connector.java:1075) ~[tomcat-embed-core-9.0.55.jar:9.0.55]
	at org.apache.catalina.util.LifecycleBase.start(LifecycleBase.java:183) ~[tomcat-embed-core-9.0.55.jar:9.0.55]
	at org.apache.catalina.core.StandardService.addConnector(StandardService.java:234) ~[tomcat-embed-core-9.0.55.jar:9.0.55]
	... 23 common frames omitted
Caused by: java.net.BindException: Can't assign requested address
	at sun.nio.ch.Net.bind0(Native Method) ~[na:1.8.0_312]
	at sun.nio.ch.Net.bind(Net.java:461) ~[na:1.8.0_312]
	at sun.nio.ch.Net.bind(Net.java:453) ~[na:1.8.0_312]
	at sun.nio.ch.ServerSocketChannelImpl.bind(ServerSocketChannelImpl.java:222) ~[na:1.8.0_312]
	at org.apache.tomcat.util.net.NioEndpoint.initServerSocket(NioEndpoint.java:271) ~[tomcat-embed-core-9.0.55.jar:9.0.55]
	at org.apache.tomcat.util.net.NioEndpoint.bind(NioEndpoint.java:226) ~[tomcat-embed-core-9.0.55.jar:9.0.55]
	at org.apache.tomcat.util.net.AbstractEndpoint.bindWithCleanup(AbstractEndpoint.java:1213) ~[tomcat-embed-core-9.0.55.jar:9.0.55]
	at org.apache.tomcat.util.net.AbstractEndpoint.start(AbstractEndpoint.java:1299) ~[tomcat-embed-core-9.0.55.jar:9.0.55]
	at org.apache.coyote.AbstractProtocol.start(AbstractProtocol.java:614) ~[tomcat-embed-core-9.0.55.jar:9.0.55]
	at org.apache.catalina.connector.Connector.startInternal(Connector.java:1072) ~[tomcat-embed-core-9.0.55.jar:9.0.55]
	... 25 common frames omitted

2021-12-12 15:50:09.499  INFO 8035 --- [restartedMain] com.xiaxinyu.myblog.MyBlogApplication    : Starting MyBlogApplication using Java 1.8.0_312 on xiaxinyudeMBP with PID 8035 (/Users/xiaxinyu/Desktop/github-repo/MyBlog/MyBlog/target/classes started by xiaxinyu in /Users/xiaxinyu/Desktop/github-repo/MyBlog/MyBlog)
2021-12-12 15:50:09.500  INFO 8035 --- [restartedMain] com.xiaxinyu.myblog.MyBlogApplication    : The following profiles are active: pro
2021-12-12 15:50:11.620  WARN 8035 --- [restartedMain] com.zaxxer.hikari.util.DriverDataSource  : Registered driver with driverClassName=com.mysql.jdbc.Driver was not found, trying direct instantiation.
2021-12-12 15:50:12.279  WARN 8035 --- [restartedMain] JpaBaseConfiguration$JpaWebConfiguration : spring.jpa.open-in-view is enabled by default. Therefore, database queries may be performed during view rendering. Explicitly configure spring.jpa.open-in-view to disable this warning
2021-12-12 15:50:12.643  INFO 8035 --- [restartedMain] com.xiaxinyu.myblog.MyBlogApplication    : Started MyBlogApplication in 3.688 seconds (JVM running for 4.457)
